  Ch05-1_Example.cpp
C:\Users\user\Downloads\Ch05-1_Example.cpp(9,14): error C2131: expression did not evaluate to a constant
C:\Users\user\Downloads\Ch05-1_Example.cpp(9,14): message : failure was caused by a read of a variable outside its lifetime
C:\Users\user\Downloads\Ch05-1_Example.cpp(9,14): message : see usage of 'Counter'
C:\Users\user\Downloads\Ch05-1_Example.cpp(13,9): warning C4552: '>>': result of expression not used
C:\Users\user\Downloads\Ch05-1_Example.cpp(42,14): error C2131: expression did not evaluate to a constant
C:\Users\user\Downloads\Ch05-1_Example.cpp(42,14): message : failure was caused by a read of a variable outside its lifetime
C:\Users\user\Downloads\Ch05-1_Example.cpp(42,14): message : see usage of 'Counter'
C:\Users\user\Downloads\Ch05-1_Example.cpp(46,9): warning C4552: '>>': result of expression not used
C:\Users\user\Downloads\Ch05-1_Example.cpp(53,25): warning C4552: '<<': result of expression not used
C:\Users\user\Downloads\Ch05-1_Example.cpp(69,19): error C2131: expression did not evaluate to a constant
C:\Users\user\Downloads\Ch05-1_Example.cpp(69,19): message : failure was caused by a read of a variable outside its lifetime
C:\Users\user\Downloads\Ch05-1_Example.cpp(69,19): message : see usage of 'Counter'
C:\Users\user\Downloads\Ch05-1_Example.cpp(72,20): error C3863: array type 'int [Counter]' is not assignable
C:\Users\user\Downloads\Ch05-1_Example.cpp(76,25): error C2131: expression did not evaluate to a constant
C:\Users\user\Downloads\Ch05-1_Example.cpp(76,18): message : failure was caused by a read of a variable outside its lifetime
C:\Users\user\Downloads\Ch05-1_Example.cpp(76,18): message : see usage of 'Counter'
C:\Users\user\Downloads\Ch05-1_Example.cpp(79,9): warning C4552: '>>': result of expression not used
C:\Users\user\Downloads\Ch05-1_Example.cpp(83,14): error C2131: expression did not evaluate to a constant
C:\Users\user\Downloads\Ch05-1_Example.cpp(83,14): message : failure was caused by a read of a variable outside its lifetime
C:\Users\user\Downloads\Ch05-1_Example.cpp(83,14): message : see usage of 'Counter'
C:\Users\user\Downloads\Ch05-1_Example.cpp(86,14): error C3863: array type 'bool [Counter]' is not assignable
C:\Users\user\Downloads\Ch05-1_Example.cpp(95,18): error C3863: array type 'bool [Counter]' is not assignable
  Ch06-1_Example.cpp
C:\Users\user\Downloads\Ch06-1_Example.cpp(26,13): error C2131: expression did not evaluate to a constant
C:\Users\user\Downloads\Ch06-1_Example.cpp(26,13): message : failure was caused by a read of a variable outside its lifetime
C:\Users\user\Downloads\Ch06-1_Example.cpp(26,13): message : see usage of 'AlphaSize'
C:\Users\user\Downloads\Ch06-1_Example.cpp(28,14): error C3863: array type 'int [AlphaSize]' is not assignable
C:\Users\user\Downloads\Ch06-1_Example.cpp(35,20): error C3863: array type 'int [AlphaSize]' is not assignable
C:\Users\user\Downloads\Ch06-1_Example.cpp(45,22): warning C4552: '<<': result of expression not used
  Guide.md
C:\Users\user\Cpp_PL\CPP_Basic\Cpp_Basic\Cpp_Basic\Guide.md(1,26): error C4430: missing type specifier - int assumed. Note: C++ does not support default-int
C:\Users\user\Cpp_PL\CPP_Basic\Cpp_Basic\Cpp_Basic\Guide.md(1,17): error C2065: '네이밍': undeclared identifier
C:\Users\user\Cpp_PL\CPP_Basic\Cpp_Basic\Cpp_Basic\Guide.md(1,28): error C2146: syntax error: missing ';' before identifier '표기법'
C:\Users\user\Cpp_PL\CPP_Basic\Cpp_Basic\Cpp_Basic\Guide.md(5,39): error C4430: missing type specifier - int assumed. Note: C++ does not support default-int
C:\Users\user\Cpp_PL\CPP_Basic\Cpp_Basic\Cpp_Basic\Guide.md(5,32): error C2146: syntax error: missing ';' before identifier 'engine'
C:\Users\user\Cpp_PL\CPP_Basic\Cpp_Basic\Cpp_Basic\Guide.md(8,1): error C2143: syntax error: missing ';' before '-'
C:\Users\user\Cpp_PL\CPP_Basic\Cpp_Basic\Cpp_Basic\Guide.md(8,1): error C4430: missing type specifier - int assumed. Note: C++ does not support default-int
C:\Users\user\Cpp_PL\CPP_Basic\Cpp_Basic\Cpp_Basic\Guide.md(8,1): error C2059: syntax error: '-'
C:\Users\user\Cpp_PL\CPP_Basic\Cpp_Basic\Cpp_Basic\Guide.md(8,22): error C2143: syntax error: missing ';' before '-'
C:\Users\user\Cpp_PL\CPP_Basic\Cpp_Basic\Cpp_Basic\Guide.md(8,22): error C4430: missing type specifier - int assumed. Note: C++ does not support default-int
C:\Users\user\Cpp_PL\CPP_Basic\Cpp_Basic\Cpp_Basic\Guide.md(8,16): error C2086: 'int unreal': redefinition
C:\Users\user\Cpp_PL\CPP_Basic\Cpp_Basic\Cpp_Basic\Guide.md(5,25): message : see declaration of 'unreal'
C:\Users\user\Cpp_PL\CPP_Basic\Cpp_Basic\Cpp_Basic\Guide.md(8,22): error C2059: syntax error: '-'
C:\Users\user\Cpp_PL\CPP_Basic\Cpp_Basic\Cpp_Basic\Guide.md(10,1): error C2143: syntax error: missing ';' before '-'
C:\Users\user\Cpp_PL\CPP_Basic\Cpp_Basic\Cpp_Basic\Guide.md(10,1): error C4430: missing type specifier - int assumed. Note: C++ does not support default-int
C:\Users\user\Cpp_PL\CPP_Basic\Cpp_Basic\Cpp_Basic\Guide.md(10,1): error C2059: syntax error: '-'
C:\Users\user\Cpp_PL\CPP_Basic\Cpp_Basic\Cpp_Basic\Guide.md(12,10): error C4430: missing type specifier - int assumed. Note: C++ does not support default-int
C:\Users\user\Cpp_PL\CPP_Basic\Cpp_Basic\Cpp_Basic\Guide.md(12,1): error C2146: syntax error: missing ';' before identifier '명령어'
C:\Users\user\Cpp_PL\CPP_Basic\Cpp_Basic\Cpp_Basic\Guide.md(28,33): error C4430: missing type specifier - int assumed. Note: C++ does not support default-int
C:\Users\user\Cpp_PL\CPP_Basic\Cpp_Basic\Cpp_Basic\Guide.md(28,20): error C2146: syntax error: missing ';' before identifier '데이터의'
C:\Users\user\Cpp_PL\CPP_Basic\Cpp_Basic\Cpp_Basic\Guide.md(29,31): error C4430: missing type specifier - int assumed. Note: C++ does not support default-int
C:\Users\user\Cpp_PL\CPP_Basic\Cpp_Basic\Cpp_Basic\Guide.md(29,11): error C2086: 'int 컴퓨터': redefinition
C:\Users\user\Cpp_PL\CPP_Basic\Cpp_Basic\Cpp_Basic\Guide.md(28,10): message : see declaration of '컴퓨터'
C:\Users\user\Cpp_PL\CPP_Basic\Cpp_Basic\Cpp_Basic\Guide.md(29,21): error C2146: syntax error: missing ';' before identifier '데이터'
C:\Users\user\Cpp_PL\CPP_Basic\Cpp_Basic\Cpp_Basic\Guide.md(31,51): error C2059: syntax error: 'user-defined literal'
C:\Users\user\Cpp_PL\CPP_Basic\Cpp_Basic\Cpp_Basic\Guide.md(33,13): error C2059: syntax error: 'constant'
C:\Users\user\Cpp_PL\CPP_Basic\Cpp_Basic\Cpp_Basic\Guide.md(34,14): error C2059: syntax error: 'constant'
C:\Users\user\Cpp_PL\CPP_Basic\Cpp_Basic\Cpp_Basic\Guide.md(35,14): error C2059: syntax error: 'constant'
C:\Users\user\Cpp_PL\CPP_Basic\Cpp_Basic\Cpp_Basic\Guide.md(51,7): error C2014: preprocessor command must start as first nonwhite space
C:\Users\user\Cpp_PL\CPP_Basic\Cpp_Basic\Cpp_Basic\Guide.md(53,1): error C2059: syntax error: 'constant'
C:\Users\user\Cpp_PL\CPP_Basic\Cpp_Basic\Cpp_Basic\Guide.md(53,23): error C2143: syntax error: missing ';' before '-'
C:\Users\user\Cpp_PL\CPP_Basic\Cpp_Basic\Cpp_Basic\Guide.md(53,23): error C4430: missing type specifier - int assumed. Note: C++ does not support default-int
C:\Users\user\Cpp_PL\CPP_Basic\Cpp_Basic\Cpp_Basic\Guide.md(53,23): error C2059: syntax error: '-'
C:\Users\user\Cpp_PL\CPP_Basic\Cpp_Basic\Cpp_Basic\Guide.md(54,9): error C2059: syntax error: 'user-defined literal'
C:\Users\user\Cpp_PL\CPP_Basic\Cpp_Basic\Cpp_Basic\Guide.md(60,1): error C4430: missing type specifier - int assumed. Note: C++ does not support default-int
C:\Users\user\Cpp_PL\CPP_Basic\Cpp_Basic\Cpp_Basic\Guide.md(59,1): error C2146: syntax error: missing ';' before identifier '대입연산'
C:\Users\user\Cpp_PL\CPP_Basic\Cpp_Basic\Cpp_Basic\Guide.md(60,22): error C2059: syntax error: '='
C:\Users\user\Cpp_PL\CPP_Basic\Cpp_Basic\Cpp_Basic\Guide.md(70,1): error C2059: syntax error: '-'
C:\Users\user\Cpp_PL\CPP_Basic\Cpp_Basic\Cpp_Basic\Guide.md(70,23): error C2059: syntax error: '||'
C:\Users\user\Cpp_PL\CPP_Basic\Cpp_Basic\Cpp_Basic\Guide.md(73,1): error C2588: '::!비트': illegal global finalizer
C:\Users\user\Cpp_PL\CPP_Basic\Cpp_Basic\Cpp_Basic\Guide.md(74,1): error C4430: missing type specifier - int assumed. Note: C++ does not support default-int
C:\Users\user\Cpp_PL\CPP_Basic\Cpp_Basic\Cpp_Basic\Guide.md(73,8): error C2146: syntax error: missing ';' before identifier '연산'
C:\Users\user\Cpp_PL\CPP_Basic\Cpp_Basic\Cpp_Basic\Guide.md(76,40): error C4430: missing type specifier - int assumed. Note: C++ does not support default-int
C:\Users\user\Cpp_PL\CPP_Basic\Cpp_Basic\Cpp_Basic\Guide.md(76,30): error C2146: syntax error: missing ';' before identifier '비트의'
C:\Users\user\Cpp_PL\CPP_Basic\Cpp_Basic\Cpp_Basic\Guide.md(87,1): error C2143: syntax error: missing ';' before '{'
C:\Users\user\Cpp_PL\CPP_Basic\Cpp_Basic\Cpp_Basic\Guide.md(87,1): error C2447: '{': missing function header (old-style formal list?)
C:\Users\user\Cpp_PL\CPP_Basic\Cpp_Basic\Cpp_Basic\Guide.md(90,1): error C2059: syntax error: 'else'
C:\Users\user\Cpp_PL\CPP_Basic\Cpp_Basic\Cpp_Basic\Guide.md(91,1): error C2143: syntax error: missing ';' before '{'
C:\Users\user\Cpp_PL\CPP_Basic\Cpp_Basic\Cpp_Basic\Guide.md(91,1): error C2447: '{': missing function header (old-style formal list?)
C:\Users\user\Cpp_PL\CPP_Basic\Cpp_Basic\Cpp_Basic\Guide.md(94,1): error C2059: syntax error: 'else'
C:\Users\user\Cpp_PL\CPP_Basic\Cpp_Basic\Cpp_Basic\Guide.md(95,1): error C2143: syntax error: missing ';' before '{'
C:\Users\user\Cpp_PL\CPP_Basic\Cpp_Basic\Cpp_Basic\Guide.md(95,1): error C2447: '{': missing function header (old-style formal list?)
C:\Users\user\Cpp_PL\CPP_Basic\Cpp_Basic\Cpp_Basic\Guide.md(99,1): error C2059: syntax error: '-'
C:\Users\user\Cpp_PL\CPP_Basic\Cpp_Basic\Cpp_Basic\Guide.md(103,1): error C2143: syntax error: missing ';' before '{'
C:\Users\user\Cpp_PL\CPP_Basic\Cpp_Basic\Cpp_Basic\Guide.md(103,1): error C2447: '{': missing function header (old-style formal list?)
C:\Users\user\Cpp_PL\CPP_Basic\Cpp_Basic\Cpp_Basic\Guide.md(107,1): error C2059: syntax error: 'if'
C:\Users\user\Cpp_PL\CPP_Basic\Cpp_Basic\Cpp_Basic\Guide.md(108,1): error C2143: syntax error: missing ';' before '{'
C:\Users\user\Cpp_PL\CPP_Basic\Cpp_Basic\Cpp_Basic\Guide.md(108,1): error C2447: '{': missing function header (old-style formal list?)
C:\Users\user\Cpp_PL\CPP_Basic\Cpp_Basic\Cpp_Basic\Guide.md(112,1): error C2059: syntax error: 'if'
C:\Users\user\Cpp_PL\CPP_Basic\Cpp_Basic\Cpp_Basic\Guide.md(113,1): error C2143: syntax error: missing ';' before '{'
C:\Users\user\Cpp_PL\CPP_Basic\Cpp_Basic\Cpp_Basic\Guide.md(113,1): error C2447: '{': missing function header (old-style formal list?)
C:\Users\user\Cpp_PL\CPP_Basic\Cpp_Basic\Cpp_Basic\Guide.md(120,1): error C2059: syntax error: 'switch'
C:\Users\user\Cpp_PL\CPP_Basic\Cpp_Basic\Cpp_Basic\Guide.md(121,1): error C2143: syntax error: missing ';' before '{'
C:\Users\user\Cpp_PL\CPP_Basic\Cpp_Basic\Cpp_Basic\Guide.md(121,1): error C2447: '{': missing function header (old-style formal list?)
C:\Users\user\Cpp_PL\CPP_Basic\Cpp_Basic\Cpp_Basic\Guide.md(132,1): error C2059: syntax error: 'for'
C:\Users\user\Cpp_PL\CPP_Basic\Cpp_Basic\Cpp_Basic\Guide.md(134,1): error C2143: syntax error: missing ')' before ';'
C:\Users\user\Cpp_PL\CPP_Basic\Cpp_Basic\Cpp_Basic\Guide.md(134,21): error C4430: missing type specifier - int assumed. Note: C++ does not support default-int
C:\Users\user\Cpp_PL\CPP_Basic\Cpp_Basic\Cpp_Basic\Guide.md(134,30): error C4430: missing type specifier - int assumed. Note: C++ does not support default-int
C:\Users\user\Cpp_PL\CPP_Basic\Cpp_Basic\Cpp_Basic\Guide.md(134,31): error C2059: syntax error: ')'
C:\Users\user\Cpp_PL\CPP_Basic\Cpp_Basic\Cpp_Basic\Guide.md(135,1): error C2447: '{': missing function header (old-style formal list?)
C:\Users\user\Cpp_PL\CPP_Basic\Cpp_Basic\Cpp_Basic\Guide.md(139,1): error C2059: syntax error: '-'
C:\Users\user\Cpp_PL\CPP_Basic\Cpp_Basic\Cpp_Basic\Guide.md(139,13): error C2059: syntax error: 'for'
C:\Users\user\Cpp_PL\CPP_Basic\Cpp_Basic\Cpp_Basic\Guide.md(140,13): error C2059: syntax error: 'for'
C:\Users\user\Cpp_PL\CPP_Basic\Cpp_Basic\Cpp_Basic\Guide.md(141,13): error C2059: syntax error: 'for'
C:\Users\user\Cpp_PL\CPP_Basic\Cpp_Basic\Cpp_Basic\Guide.md(142,23): error C4430: missing type specifier - int assumed. Note: C++ does not support default-int
C:\Users\user\Cpp_PL\CPP_Basic\Cpp_Basic\Cpp_Basic\Guide.md(142,32): error C2143: syntax error: missing ';' before 'constant'
C:\Users\user\Cpp_PL\CPP_Basic\Cpp_Basic\Cpp_Basic\Guide.md(142,32): error C4430: missing type specifier - int assumed. Note: C++ does not support default-int
C:\Users\user\Cpp_PL\CPP_Basic\Cpp_Basic\Cpp_Basic\Guide.md(142,32): error C2059: syntax error: 'constant'
C:\Users\user\Cpp_PL\CPP_Basic\Cpp_Basic\Cpp_Basic\Guide.md(144,1): error C2143: syntax error: missing ';' before 'for'
C:\Users\user\Cpp_PL\CPP_Basic\Cpp_Basic\Cpp_Basic\Guide.md(144,1): error C4430: missing type specifier - int assumed. Note: C++ does not support default-int
C:\Users\user\Cpp_PL\CPP_Basic\Cpp_Basic\Cpp_Basic\Guide.md(144,1): error C2059: syntax error: 'for'
C:\Users\user\Cpp_PL\CPP_Basic\Cpp_Basic\Cpp_Basic\Guide.md(144,1): error C2143: syntax error: missing ')' before ';'
C:\Users\user\Cpp_PL\CPP_Basic\Cpp_Basic\Cpp_Basic\Guide.md(144,15): error C2143: syntax error: missing ';' before '<'
C:\Users\user\Cpp_PL\CPP_Basic\Cpp_Basic\Cpp_Basic\Guide.md(144,15): error C4430: missing type specifier - int assumed. Note: C++ does not support default-int
C:\Users\user\Cpp_PL\CPP_Basic\Cpp_Basic\Cpp_Basic\Guide.md(144,15): error C2059: syntax error: '<'
C:\Users\user\Cpp_PL\CPP_Basic\Cpp_Basic\Cpp_Basic\Guide.md(144,21): error C2143: syntax error: missing ';' before '++'
C:\Users\user\Cpp_PL\CPP_Basic\Cpp_Basic\Cpp_Basic\Guide.md(144,21): error C4430: missing type specifier - int assumed. Note: C++ does not support default-int
C:\Users\user\Cpp_PL\CPP_Basic\Cpp_Basic\Cpp_Basic\Guide.md(144,20): error C2086: 'int i': redefinition
C:\Users\user\Cpp_PL\CPP_Basic\Cpp_Basic\Cpp_Basic\Guide.md(144,14): message : see declaration of 'i'
C:\Users\user\Cpp_PL\CPP_Basic\Cpp_Basic\Cpp_Basic\Guide.md(144,21): error C2059: syntax error: '++'
C:\Users\user\Cpp_PL\CPP_Basic\Cpp_Basic\Cpp_Basic\Guide.md(144,23): error C2059: syntax error: ')'
C:\Users\user\Cpp_PL\CPP_Basic\Cpp_Basic\Cpp_Basic\Guide.md(145,1): error C2143: syntax error: missing ';' before '{'
C:\Users\user\Cpp_PL\CPP_Basic\Cpp_Basic\Cpp_Basic\Guide.md(145,1): error C2447: '{': missing function header (old-style formal list?)
C:\Users\user\Cpp_PL\CPP_Basic\Cpp_Basic\Cpp_Basic\Guide.md(149,1): error C2059: syntax error: '-'
C:\Users\user\Cpp_PL\CPP_Basic\Cpp_Basic\Cpp_Basic\Guide.md(152,31): error C4430: missing type specifier - int assumed. Note: C++ does not support default-int
C:\Users\user\Cpp_PL\CPP_Basic\Cpp_Basic\Cpp_Basic\Guide.md(152,21): error C2146: syntax error: missing ';' before identifier '블록을'
C:\Users\user\Cpp_PL\CPP_Basic\Cpp_Basic\Cpp_Basic\Guide.md(155,1): error C2143: syntax error: missing ';' before '{'
C:\Users\user\Cpp_PL\CPP_Basic\Cpp_Basic\Cpp_Basic\Guide.md(155,1): error C2447: '{': missing function header (old-style formal list?)
C:\Users\user\Cpp_PL\CPP_Basic\Cpp_Basic\Cpp_Basic\Guide.md(159,1): error C2059: syntax error: 'do'
C:\Users\user\Cpp_PL\CPP_Basic\Cpp_Basic\Cpp_Basic\Guide.md(160,1): error C2143: syntax error: missing ';' before '{'
C:\Users\user\Cpp_PL\CPP_Basic\Cpp_Basic\Cpp_Basic\Guide.md(160,1): error C2447: '{': missing function header (old-style formal list?)
C:\Users\user\Cpp_PL\CPP_Basic\Cpp_Basic\Cpp_Basic\Guide.md(163,1): error C2059: syntax error: 'while'
C:\Users\user\Cpp_PL\CPP_Basic\Cpp_Basic\Cpp_Basic\Guide.md(169,1): error C2143: syntax error: missing ';' before '{'
C:\Users\user\Cpp_PL\CPP_Basic\Cpp_Basic\Cpp_Basic\Guide.md(169,1): error C2447: '{': missing function header (old-style formal list?)
C:\Users\user\Cpp_PL\CPP_Basic\Cpp_Basic\Cpp_Basic\Guide.md(174,1): error C4430: missing type specifier - int assumed. Note: C++ does not support default-int
C:\Users\user\Cpp_PL\CPP_Basic\Cpp_Basic\Cpp_Basic\Guide.md(173,8): error C2146: syntax error: missing ';' before identifier '호출'
C:\Users\user\Cpp_PL\CPP_Basic\Cpp_Basic\Cpp_Basic\Guide.md(174,15): error C2059: syntax error: '<='
C:\Users\user\Cpp_PL\CPP_Basic\Cpp_Basic\Cpp_Basic\Guide.md(175,1): fatal  error C1004: unexpected end-of-file found
  Generating Code...
